C51 COMPILER V8.16   PROTOCOL                                                              02/11/2025 00:57:52 PAGE 1   


C51 COMPILER V8.16, COMPILATION OF MODULE PROTOCOL
OBJECT MODULE PLACED IN protocol.OBJ
COMPILER INVOKED BY: C:\Keil\C51\BIN\C51.EXE protocol.c LARGE OPTIMIZE(0,SPEED) BROWSE DEBUG OBJECTEXTEND

line level    source

   1          #include "protocol.h"
   2          #include "gpio.h"
   3          #include "display.h"
   4          
   5          uint8_t previosCar_cnt = 0x00;
   6          
   7          uint8_t decodedMsg[2];
   8          extern uint8_t encodedMsg[3];
   9          uint8_t next0Index = 0;
  10          
  11          uint8_t ack[2];
  12          uint8_t error[2];
  13          uint8_t len;
  14          uint8_t index;
  15          uint8_t i;
  16          
  17          void parse()
  18          {
  19   1              ack[0] = 0xAA;
  20   1              ack[1] = 0xAA;
  21   1              len = 2;
  22   1      
  23   1              error[0] = 0xFB;
  24   1              error[1] = 0xBF;
  25   1        
  26   1      }
  27          
  28          void send(uint8_t *msg){
  29   1      
  30   1              t_buff.buff = msg;
  31   1      
  32   1              // Inicijalno slanje
  33   1              SBUF = *t_buff.buff;
  34   1                      
  35   1      }
  36          
  37          //mozes da vratis vrijednost ako treba u vise fajlova
  38          //moze isto i za encode da se isto rai pa da se zove send u parse, a ne u encode
  39          /*
  40          void decode(uint8_t *msg){
  41                  uint8_t i = 0;
  42                  uint8_t len = 0;
  43                  next0Index = msg[0];
  44          
  45                  while(msg[i] != 0x00){
  46                          len++;
  47                          i++;
  48                  }
  49                  len++;
  50          
  51                  for(i = 0; i < len; i++){
  52                          if(i == next0Index){
  53                                  decodedMsg[i-1] = 0x00;
  54                                  next0Index = next0Index + msg[i];
  55                          }else{
C51 COMPILER V8.16   PROTOCOL                                                              02/11/2025 00:57:52 PAGE 2   

  56                                  decodedMsg[i-1] = msg[i];
  57                          }
  58                  }
  59          }
  60          */
  61          void encode(uint8_t *msg, uint8_t len){
  62   1              uint8_t i = 0;
  63   1              uint8_t previos0Index = 0;
  64   1              int8_t current0Index = 0;
  65   1      
  66   1              for(i = 0; i < len; i++){
  67   2                      if(msg[i] != 0x00){
  68   3                              encodedMsg[i+1] = msg[i];
  69   3                      }else{
  70   3                              current0Index = i+1;
  71   3                              encodedMsg[previos0Index] = current0Index - previos0Index;
  72   3                              previos0Index = current0Index;
  73   3                      }
  74   2              }
  75   1      
  76   1              current0Index = i + 1;
  77   1              encodedMsg[previos0Index] = current0Index - previos0Index;
  78   1              encodedMsg[i+1] = 0x00;
  79   1              send(encodedMsg);
  80   1      }


MODULE INFORMATION:   STATIC OVERLAYABLE
   CODE SIZE        =    342    ----
   CONSTANT SIZE    =   ----    ----
   XDATA SIZE       =     21    ----
   PDATA SIZE       =   ----    ----
   DATA SIZE        =   ----    ----
   IDATA SIZE       =   ----    ----
   BIT SIZE         =   ----    ----
END OF MODULE INFORMATION.


C51 COMPILATION COMPLETE.  0 WARNING(S),  0 ERROR(S)
